Using pre-set license
Built from '2020.3/staging' branch; Version is '2020.3.0f1 (c7b5465681fb) revision 13088070'; Using compiler version '192528614'; Build Type 'Release'
OS: 'Windows 10 Pro; OS build 19041.928; Version 2004; 64bit' Language: 'en' Physical Memory: 16279 MB
BatchMode: 1, IsHumanControllingUs: 0, StartBugReporterOnCrash: 0, Is64bit: 1, IsPro: 0

 COMMAND LINE ARGUMENTS:
D:\Unity\2020.3.0f1\Editor\Unity.exe
-adb2
-batchMode
-noUpm
-name
AssetImportWorker0
-projectPath
D:/ProgramingFX/Game/GAD_101x_ASM4_FX02338
-logFile
Logs/AssetImportWorker0.log
-srvPort
63446
Successfully changed project path to: D:/ProgramingFX/Game/GAD_101x_ASM4_FX02338
D:/ProgramingFX/Game/GAD_101x_ASM4_FX02338
Using Asset Import Pipeline V2.
Refreshing native plugins compatible for Editor in 122.61 ms, found 1 plugins.
Preloading 0 native plugins for Editor in 0.00 ms.
Initialize engine version: 2020.3.0f1 (c7b5465681fb)
[Subsystems] Discovering subsystems at path D:/Unity/2020.3.0f1/Editor/Data/Resources/UnitySubsystems
[Subsystems] Discovering subsystems at path D:/ProgramingFX/Game/GAD_101x_ASM4_FX02338/Assets
GfxDevice: creating device client; threaded=0
Direct3D:
    Version:  Direct3D 11.0 [level 11.1]
    Renderer: Intel(R) HD Graphics 520 (ID=0x1916)
    Vendor:   
    VRAM:     8139 MB
    Driver:   27.20.100.8681
Initialize mono
Mono path[0] = 'D:/Unity/2020.3.0f1/Editor/Data/Managed'
Mono path[1] = 'D:/Unity/2020.3.0f1/Editor/Data/MonoBleedingEdge/lib/mono/unityjit'
Mono config path = 'D:/Unity/2020.3.0f1/Editor/Data/MonoBleedingEdge/etc'
Using monoOptions --debugger-agent=transport=dt_socket,embedding=1,server=y,suspend=n,address=127.0.0.1:56968
Begin MonoManager ReloadAssembly
Registering precompiled unity dll's ...
Register platform support module: D:/Unity/2020.3.0f1/Editor/Data/PlaybackEngines/WindowsStandaloneSupport/UnityEditor.WindowsStandalone.Extensions.dll
Registered in 0.002295 seconds.
Native extension for WindowsStandalone target not found
Refreshing native plugins compatible for Editor in 78.28 ms, found 1 plugins.
Preloading 0 native plugins for Editor in 0.00 ms.
Invoked RoslynAnalysisRunner static constructor.
RoslynAnalysisRunner will not be running.
RoslynAnalysisRunner has terminated.
Mono: successfully reloaded assembly
- Completed reload, in  2.526 seconds
Platform modules already initialized, skipping
Registering precompiled user dll's ...
Registered in 0.003761 seconds.
Begin MonoManager ReloadAssembly
Native extension for WindowsStandalone target not found
Refreshing native plugins compatible for Editor in 74.12 ms, found 1 plugins.
Preloading 0 native plugins for Editor in 0.00 ms.
Invoked RoslynAnalysisRunner static constructor.
RoslynAnalysisRunner will not be running.
RoslynAnalysisRunner has terminated.
Mono: successfully reloaded assembly
- Completed reload, in  1.687 seconds
Platform modules already initialized, skipping
========================================================================
Worker process is ready to serve import requests
Launched and connected shader compiler UnityShaderCompiler.exe after 0.07 seconds
Refreshing native plugins compatible for Editor in 0.79 ms, found 1 plugins.
Preloading 0 native plugins for Editor in 0.00 ms.
Unloading 2102 Unused Serialized files (Serialized files now loaded: 0)
System memory in use before: 94.2 MB.
System memory in use after: 94.1 MB.

Unloading 72 unused Assets to reduce memory usage. Loaded Objects now: 2507.
Total: 4.339700 ms (FindLiveObjects: 0.462900 ms CreateObjectMapping: 0.155500 ms MarkObjects: 3.401700 ms  DeleteObjects: 0.317100 ms)

========================================================================
Received Import Request.
  path: Assets/WinPopUp.prefab
  artifactKey: Guid(f934aabd2b3c2dd4bb3183f6d8760f36) Importer(815301076,1909f56bfc062723c751e8b465ee728b)
Start importing Assets/WinPopUp.prefab using Guid(f934aabd2b3c2dd4bb3183f6d8760f36) Importer(815301076,1909f56bfc062723c751e8b465ee728b)  -> (artifact id: 'befe1a85eca6f2f51a1266d3d6a45d1d') in 0.118140 seconds
  Import took 0.124947 seconds .

========================================================================
Received Import Request.
  Time since last request: 126.404100 seconds.
  path: Assets/Script/PlayerController.cs
  artifactKey: Guid(b7ea1a3be4f275f4a886589402961a2e) Importer(815301076,1909f56bfc062723c751e8b465ee728b)
Start importing Assets/Script/PlayerController.cs using Guid(b7ea1a3be4f275f4a886589402961a2e) Importer(815301076,1909f56bfc062723c751e8b465ee728b)  -> (artifact id: '9874cb4c8de44ac47e20ff53ed98de66') in 0.026562 seconds
  Import took 0.034121 seconds .

========================================================================
Received Prepare
Registering precompiled user dll's ...
Registered in 0.003127 seconds.
Begin MonoManager ReloadAssembly
Native extension for WindowsStandalone target not found
Refreshing native plugins compatible for Editor in 1.25 ms, found 1 plugins.
Preloading 0 native plugins for Editor in 0.00 ms.
Invoked RoslynAnalysisRunner static constructor.
RoslynAnalysisRunner will not be running.
RoslynAnalysisRunner has terminated.
Mono: successfully reloaded assembly
- Completed reload, in  1.378 seconds
Platform modules already initialized, skipping
Switching build target platform(5) subTarget(0) extendedPlatform(0) -> platform(13) subTarget(537395200) extendedPlatform(0)
Refreshing native plugins compatible for Editor in 0.86 ms, found 1 plugins.
Preloading 0 native plugins for Editor in 0.00 ms.
Unloading 2087 Unused Serialized files (Serialized files now loaded: 0)
System memory in use before: 93.2 MB.
System memory in use after: 93.2 MB.

Unloading 61 unused Assets to reduce memory usage. Loaded Objects now: 2513.
Total: 5.231800 ms (FindLiveObjects: 0.372800 ms CreateObjectMapping: 0.230300 ms MarkObjects: 4.421800 ms  DeleteObjects: 0.204100 ms)

AssetImportParameters requested are different than current active one (requested -> active):
  custom:graphics/normal-map-encoding: 01000000000000000000000000000000 -> 02000000000000000000000000000000
========================================================================
Received Prepare
Registering precompiled user dll's ...
Registered in 0.006753 seconds.
Begin MonoManager ReloadAssembly
Native extension for WindowsStandalone target not found
Refreshing native plugins compatible for Editor in 1.49 ms, found 1 plugins.
Preloading 0 native plugins for Editor in 0.00 ms.
Invoked RoslynAnalysisRunner static constructor.
RoslynAnalysisRunner will not be running.
RoslynAnalysisRunner has terminated.
Mono: successfully reloaded assembly
- Completed reload, in  1.512 seconds
Platform modules already initialized, skipping
Switching build target platform(5) subTarget(0) extendedPlatform(0) -> platform(13) subTarget(537395200) extendedPlatform(0)
Refreshing native plugins compatible for Editor in 1.34 ms, found 1 plugins.
Preloading 0 native plugins for Editor in 0.00 ms.
Unloading 2087 Unused Serialized files (Serialized files now loaded: 0)
System memory in use before: 93.2 MB.
System memory in use after: 93.2 MB.

Unloading 60 unused Assets to reduce memory usage. Loaded Objects now: 2517.
Total: 2.842400 ms (FindLiveObjects: 0.327400 ms CreateObjectMapping: 0.134400 ms MarkObjects: 2.227000 ms  DeleteObjects: 0.151800 ms)

AssetImportParameters requested are different than current active one (requested -> active):
  custom:graphics/normal-map-encoding: 01000000000000000000000000000000 -> 02000000000000000000000000000000
========================================================================
Received Import Request.
  Time since last request: 54.432023 seconds.
  path: Assets/Script/PlayerController.cs
  artifactKey: Guid(b7ea1a3be4f275f4a886589402961a2e) Importer(815301076,1909f56bfc062723c751e8b465ee728b)
Start importing Assets/Script/PlayerController.cs using Guid(b7ea1a3be4f275f4a886589402961a2e) Importer(815301076,1909f56bfc062723c751e8b465ee728b)  -> (artifact id: '6846d30994047f07ff0ad94bd7717b1b') in 0.006313 seconds
  Import took 0.010924 seconds .

========================================================================
Received Prepare
Registering precompiled user dll's ...
Registered in 0.005128 seconds.
Begin MonoManager ReloadAssembly
Native extension for WindowsStandalone target not found
Refreshing native plugins compatible for Editor in 1.42 ms, found 1 plugins.
Preloading 0 native plugins for Editor in 0.00 ms.
Invoked RoslynAnalysisRunner static constructor.
RoslynAnalysisRunner will not be running.
RoslynAnalysisRunner has terminated.
Mono: successfully reloaded assembly
- Completed reload, in  1.445 seconds
Platform modules already initialized, skipping
Switching build target platform(5) subTarget(0) extendedPlatform(0) -> platform(13) subTarget(537395200) extendedPlatform(0)
Refreshing native plugins compatible for Editor in 0.88 ms, found 1 plugins.
Preloading 0 native plugins for Editor in 0.00 ms.
Unloading 2087 Unused Serialized files (Serialized files now loaded: 0)
System memory in use before: 93.2 MB.
System memory in use after: 93.2 MB.

Unloading 60 unused Assets to reduce memory usage. Loaded Objects now: 2521.
Total: 2.840900 ms (FindLiveObjects: 0.230000 ms CreateObjectMapping: 0.105900 ms MarkObjects: 2.366000 ms  DeleteObjects: 0.137600 ms)

AssetImportParameters requested are different than current active one (requested -> active):
  custom:graphics/normal-map-encoding: 01000000000000000000000000000000 -> 02000000000000000000000000000000
========================================================================
Received Prepare
Registering precompiled user dll's ...
Registered in 0.003775 seconds.
Begin MonoManager ReloadAssembly
Native extension for WindowsStandalone target not found
Refreshing native plugins compatible for Editor in 1.73 ms, found 1 plugins.
Preloading 0 native plugins for Editor in 0.00 ms.
Invoked RoslynAnalysisRunner static constructor.
RoslynAnalysisRunner will not be running.
RoslynAnalysisRunner has terminated.
Mono: successfully reloaded assembly
- Completed reload, in  2.903 seconds
Platform modules already initialized, skipping
Switching build target platform(5) subTarget(0) extendedPlatform(0) -> platform(13) subTarget(537395200) extendedPlatform(0)
Refreshing native plugins compatible for Editor in 3.73 ms, found 1 plugins.
Preloading 0 native plugins for Editor in 0.00 ms.
Unloading 2087 Unused Serialized files (Serialized files now loaded: 0)
System memory in use before: 93.2 MB.
System memory in use after: 93.2 MB.

Unloading 60 unused Assets to reduce memory usage. Loaded Objects now: 2525.
Total: 13.042800 ms (FindLiveObjects: 6.520300 ms CreateObjectMapping: 0.277400 ms MarkObjects: 5.805800 ms  DeleteObjects: 0.425900 ms)

AssetImportParameters requested are different than current active one (requested -> active):
  custom:graphics/normal-map-encoding: 01000000000000000000000000000000 -> 02000000000000000000000000000000
========================================================================
Received Prepare
Refreshing native plugins compatible for Editor in 11.78 ms, found 1 plugins.
Preloading 0 native plugins for Editor in 0.00 ms.
Unloading 58 Unused Serialized files (Serialized files now loaded: 0)
System memory in use before: 53.3 MB.
System memory in use after: 53.3 MB.

Unloading 58 unused Assets to reduce memory usage. Loaded Objects now: 2525.
Total: 3.525500 ms (FindLiveObjects: 0.243400 ms CreateObjectMapping: 0.148700 ms MarkObjects: 2.980700 ms  DeleteObjects: 0.149600 ms)

========================================================================
Received Import Request.
  Time since last request: 234.168921 seconds.
  path: Assets/Script/PlayerController.cs
  artifactKey: Guid(b7ea1a3be4f275f4a886589402961a2e) Importer(815301076,1909f56bfc062723c751e8b465ee728b)
Start importing Assets/Script/PlayerController.cs using Guid(b7ea1a3be4f275f4a886589402961a2e) Importer(815301076,1909f56bfc062723c751e8b465ee728b)  -> (artifact id: '9b857912a18d5253e23c0b8eabd1f335') in 0.013343 seconds
  Import took 0.021320 seconds .

========================================================================
Received Import Request.
  Time since last request: 0.045829 seconds.
  path: Assets/Script/PlayerController.cs
  artifactKey: Guid(b7ea1a3be4f275f4a886589402961a2e) Importer(815301076,1909f56bfc062723c751e8b465ee728b)
Start importing Assets/Script/PlayerController.cs using Guid(b7ea1a3be4f275f4a886589402961a2e) Importer(815301076,1909f56bfc062723c751e8b465ee728b)  -> (artifact id: '9b857912a18d5253e23c0b8eabd1f335') in 0.020074 seconds
  Import took 0.029062 seconds .

========================================================================
Received Import Request.
  Time since last request: 0.771891 seconds.
  path: Assets/Script/Replay.cs
  artifactKey: Guid(2c85ff7622c24534cab8d0126548f509) Importer(815301076,1909f56bfc062723c751e8b465ee728b)
Start importing Assets/Script/Replay.cs using Guid(2c85ff7622c24534cab8d0126548f509) Importer(815301076,1909f56bfc062723c751e8b465ee728b)  -> (artifact id: '53814aecd51a5f3ee89e6ce240263aea') in 0.032194 seconds
  Import took 0.039872 seconds .

========================================================================
Received Prepare
Registering precompiled user dll's ...
Registered in 0.005428 seconds.
Begin MonoManager ReloadAssembly
Native extension for WindowsStandalone target not found
Refreshing native plugins compatible for Editor in 0.87 ms, found 1 plugins.
Preloading 0 native plugins for Editor in 0.00 ms.
Invoked RoslynAnalysisRunner static constructor.
RoslynAnalysisRunner will not be running.
RoslynAnalysisRunner has terminated.
Mono: successfully reloaded assembly
- Completed reload, in  1.702 seconds
Platform modules already initialized, skipping
Switching build target platform(5) subTarget(0) extendedPlatform(0) -> platform(13) subTarget(537395200) extendedPlatform(0)
Refreshing native plugins compatible for Editor in 1.20 ms, found 1 plugins.
Preloading 0 native plugins for Editor in 0.00 ms.
Unloading 2087 Unused Serialized files (Serialized files now loaded: 0)
System memory in use before: 93.3 MB.
System memory in use after: 93.2 MB.

Unloading 60 unused Assets to reduce memory usage. Loaded Objects now: 2529.
Total: 3.080700 ms (FindLiveObjects: 0.268500 ms CreateObjectMapping: 0.112600 ms MarkObjects: 2.546700 ms  DeleteObjects: 0.151300 ms)

AssetImportParameters requested are different than current active one (requested -> active):
  custom:graphics/normal-map-encoding: 01000000000000000000000000000000 -> 02000000000000000000000000000000
========================================================================
Received Prepare
Refreshing native plugins compatible for Editor in 29.66 ms, found 1 plugins.
Preloading 0 native plugins for Editor in 0.00 ms.
Unloading 58 Unused Serialized files (Serialized files now loaded: 0)
System memory in use before: 53.3 MB.
System memory in use after: 53.3 MB.

Unloading 58 unused Assets to reduce memory usage. Loaded Objects now: 2529.
Total: 5.033900 ms (FindLiveObjects: 0.924300 ms CreateObjectMapping: 0.324300 ms MarkObjects: 3.564600 ms  DeleteObjects: 0.218100 ms)

AssetImportWorkerClient::OnTransportError - code=2 error=End of file
